  BRDF.cpp
  BunnyScene.cpp
  Camera.cpp
  DirectionalLight.cpp
  ERenderer.cpp
  ETimer.cpp
  InputManager.cpp
  Light.cpp
  LightManager.cpp
  main.cpp
  MainScene.cpp
  Material.cpp
  MaterialManager.cpp
  Material_Lambert.cpp
  Material_LambertPhong.cpp
  Material_PBR.cpp
  ObjParser.cpp
  Plane.cpp
  PointLight.cpp
  Primitive.cpp
  Generating Code...
  Compiling...
  PrimitiveManager.cpp
  Scene.cpp
  SceneManager.cpp
  Sphere.cpp
  Triangle.cpp
  TriangleMesh.cpp
  Generating Code...
  RayTracer.vcxproj -> D:\00 Portfolio\RayTracer\bin\Debug\RayTracer.exe
  0 File(s) copied
  0 File(s) copied
  0 File(s) copied
  0 File(s) copied
