d:\00 portfolio\raytracer\source\tempfiles\release\vc142.pdb
d:\00 portfolio\raytracer\source\tempfiles\release\primitive.obj
d:\00 portfolio\raytracer\source\tempfiles\release\pointlight.obj
d:\00 portfolio\raytracer\source\tempfiles\release\plane.obj
d:\00 portfolio\raytracer\source\tempfiles\release\objparser.obj
d:\00 portfolio\raytracer\source\tempfiles\release\material_pbr.obj
d:\00 portfolio\raytracer\source\tempfiles\release\material_lambertphong.obj
d:\00 portfolio\raytracer\source\tempfiles\release\material_lambert.obj
d:\00 portfolio\raytracer\source\tempfiles\release\materialmanager.obj
d:\00 portfolio\raytracer\source\tempfiles\release\material.obj
d:\00 portfolio\raytracer\source\tempfiles\release\main.obj
d:\00 portfolio\raytracer\source\tempfiles\release\lightmanager.obj
d:\00 portfolio\raytracer\source\tempfiles\release\light.obj
d:\00 portfolio\raytracer\source\tempfiles\release\inputmanager.obj
d:\00 portfolio\raytracer\source\tempfiles\release\etimer.obj
d:\00 portfolio\raytracer\source\tempfiles\release\erenderer.obj
d:\00 portfolio\raytracer\source\tempfiles\release\directionallight.obj
d:\00 portfolio\raytracer\source\tempfiles\release\camera.obj
d:\00 portfolio\raytracer\source\tempfiles\release\bunnyscene.obj
d:\00 portfolio\raytracer\source\tempfiles\release\brdf.obj
d:\00 portfolio\raytracer\source\tempfiles\release\trianglemesh.obj
d:\00 portfolio\raytracer\source\tempfiles\release\triangle.obj
d:\00 portfolio\raytracer\source\tempfiles\release\sphere.obj
d:\00 portfolio\raytracer\source\tempfiles\release\scenemanager.obj
d:\00 portfolio\raytracer\source\tempfiles\release\scene.obj
d:\00 portfolio\raytracer\source\tempfiles\release\primitivemanager.obj
d:\00 portfolio\raytracer\source\tempfiles\release\mainscene.obj
d:\00 portfolio\raytracer\bin\release\raytracer.exe
d:\00 portfolio\raytracer\source\tempfiles\release\raytracer.ipdb
d:\00 portfolio\raytracer\source\tempfiles\release\raytracer.iobj
d:\00 portfolio\raytracer\bin\release\raytracer.pdb
d:\00 portfolio\raytracer\source\..\bin\release\raytracer.pdb
d:\00 portfolio\raytracer\source\tempfiles\release\raytracer.tlog\cl.command.1.tlog
d:\00 portfolio\raytracer\source\tempfiles\release\raytracer.tlog\cl.read.1.tlog
d:\00 portfolio\raytracer\source\tempfiles\release\raytracer.tlog\cl.write.1.tlog
d:\00 portfolio\raytracer\source\tempfiles\release\raytracer.tlog\link.command.1.tlog
d:\00 portfolio\raytracer\source\tempfiles\release\raytracer.tlog\link.read.1.tlog
d:\00 portfolio\raytracer\source\tempfiles\release\raytracer.tlog\link.write.1.tlog
